[2024-10-07 00:29:39,433]-[eventLoopGroupProxy-4-2] ERROR io.kvision.remote.KVServiceManager - Serializer for subclass 'Empty' is not found in the polymorphic scope of 'SelectedSlotResponse'.
Check if class with serial name 'Empty' exists and serializer is registered in a corresponding SerializersModule.
To be registered automatically, class 'Empty' has to be '@Serializable', and the base class 'SelectedSlotResponse' has to be sealed and '@Serializable'.
kotlinx.serialization.SerializationException: Serializer for subclass 'Empty' is not found in the polymorphic scope of 'SelectedSlotResponse'.
Check if class with serial name 'Empty' exists and serializer is registered in a corresponding SerializersModule.
To be registered automatically, class 'Empty' has to be '@Serializable', and the base class 'SelectedSlotResponse' has to be sealed and '@Serializable'.
	at kotlinx.serialization.internal.AbstractPolymorphicSerializerKt.throwSubtypeNotRegistered(AbstractPolymorphicSerializer.kt:102)
	at kotlinx.serialization.internal.AbstractPolymorphicSerializerKt.throwSubtypeNotRegistered(AbstractPolymorphicSerializer.kt:114)
	at kotlinx.serialization.PolymorphicSerializerKt.findPolymorphicSerializer(PolymorphicSerializer.kt:109)
	at kotlinx.serialization.json.internal.StreamingJsonEncoder.encodeSerializableValue(StreamingJsonEncoder.kt:250)
	at kotlinx.serialization.json.internal.JsonStreamsKt.encodeByWriter(JsonStreams.kt:99)
	at kotlinx.serialization.json.Json.encodeToString(Json.kt:125)
	at io.kvision.remote.KotlinxObjectDeSerializer.serializeNonNullToString(KotlinxObjectDeSerializer.kt:44)
	at io.kvision.remote.ObjectDeSerializer$DefaultImpls.serializeNullableToString(ObjectDeSerializer.kt:36)
	at io.kvision.remote.KotlinxObjectDeSerializer.serializeNullableToString(KotlinxObjectDeSerializer.kt:32)
	at io.kvision.remote.KVServiceManager$createRequestHandler$1.invokeSuspend(KVServiceManager.kt:89)
	at io.kvision.remote.KVServiceManager$createRequestHandler$1.invoke(KVServiceManager.kt)
	at io.kvision.remote.KVServiceManager$createRequestHandler$1.invoke(KVServiceManager.kt)
	at io.ktor.server.routing.Route$buildPipeline$1$1.invokeSuspend(Route.kt:116)
	at io.ktor.server.routing.Route$buildPipeline$1$1.invoke(Route.kt)
	at io.ktor.server.routing.Route$buildPipeline$1$1.invoke(Route.kt)
	at io.ktor.util.pipeline.DebugPipelineContext.proceedLoop(DebugPipelineContext.kt:80)
	at io.ktor.util.pipeline.DebugPipelineContext.proceed(DebugPipelineContext.kt:57)
	at io.ktor.util.pipeline.DebugPipelineContext.execute$ktor_utils(DebugPipelineContext.kt:63)
	at io.ktor.util.pipeline.Pipeline.execute(Pipeline.kt:77)
	at io.ktor.server.routing.Routing$executeResult$$inlined$execute$1.invokeSuspend(Pipeline.kt:478)
	at io.ktor.server.routing.Routing$executeResult$$inlined$execute$1.invoke(Pipeline.kt)
	at io.ktor.server.routing.Routing$executeResult$$inlined$execute$1.invoke(Pipeline.kt)
	at io.ktor.util.debug.ContextUtilsKt.initContextInDebugMode(ContextUtils.kt:17)
	at io.ktor.server.routing.Routing.executeResult(Routing.kt:190)
	at io.ktor.server.routing.Routing.interceptor(Routing.kt:64)
	at io.ktor.server.routing.Routing$Plugin$install$1.invokeSuspend(Routing.kt:140)
	at io.ktor.server.routing.Routing$Plugin$install$1.invoke(Routing.kt)
	at io.ktor.server.routing.Routing$Plugin$install$1.invoke(Routing.kt)
	at io.ktor.util.pipeline.DebugPipelineContext.proceedLoop(DebugPipelineContext.kt:80)
	at io.ktor.util.pipeline.DebugPipelineContext.proceed(DebugPipelineContext.kt:57)
	at io.ktor.server.engine.BaseApplicationEngineKt$installDefaultTransformationChecker$1.invokeSuspend(BaseApplicationEngine.kt:124)
	at io.ktor.server.engine.BaseApplicationEngineKt$installDefaultTransformationChecker$1.invoke(BaseApplicationEngine.kt)
	at io.ktor.server.engine.BaseApplicationEngineKt$installDefaultTransformationChecker$1.invoke(BaseApplicationEngine.kt)
	at io.ktor.util.pipeline.DebugPipelineContext.proceedLoop(DebugPipelineContext.kt:80)
	at io.ktor.util.pipeline.DebugPipelineContext.proceed(DebugPipelineContext.kt:57)
	at io.ktor.util.pipeline.DebugPipelineContext.execute$ktor_utils(DebugPipelineContext.kt:63)
	at io.ktor.util.pipeline.Pipeline.execute(Pipeline.kt:77)
	at io.ktor.server.engine.DefaultEnginePipelineKt$defaultEnginePipeline$1$invokeSuspend$$inlined$execute$1.invokeSuspend(Pipeline.kt:478)
	at io.ktor.server.engine.DefaultEnginePipelineKt$defaultEnginePipeline$1$invokeSuspend$$inlined$execute$1.invoke(Pipeline.kt)
	at io.ktor.server.engine.DefaultEnginePipelineKt$defaultEnginePipeline$1$invokeSuspend$$inlined$execute$1.invoke(Pipeline.kt)
	at io.ktor.util.debug.ContextUtilsKt.initContextInDebugMode(ContextUtils.kt:17)
	at io.ktor.server.engine.DefaultEnginePipelineKt$defaultEnginePipeline$1.invokeSuspend(DefaultEnginePipeline.kt:123)
	at io.ktor.server.engine.DefaultEnginePipelineKt$defaultEnginePipeline$1.invoke(DefaultEnginePipeline.kt)
	at io.ktor.server.engine.DefaultEnginePipelineKt$defaultEnginePipeline$1.invoke(DefaultEnginePipeline.kt)
	at io.ktor.util.pipeline.DebugPipelineContext.proceedLoop(DebugPipelineContext.kt:80)
	at io.ktor.util.pipeline.DebugPipelineContext.proceed(DebugPipelineContext.kt:57)
	at io.ktor.util.pipeline.DebugPipelineContext.execute$ktor_utils(DebugPipelineContext.kt:63)
	at io.ktor.util.pipeline.Pipeline.execute(Pipeline.kt:77)
	at io.ktor.server.netty.NettyApplicationCallHandler$handleRequest$1$invokeSuspend$$inlined$execute$1.invokeSuspend(Pipeline.kt:478)
	at io.ktor.server.netty.NettyApplicationCallHandler$handleRequest$1$invokeSuspend$$inlined$execute$1.invoke(Pipeline.kt)
	at io.ktor.server.netty.NettyApplicationCallHandler$handleRequest$1$invokeSuspend$$inlined$execute$1.invoke(Pipeline.kt)
	at io.ktor.util.debug.ContextUtilsKt.initContextInDebugMode(ContextUtils.kt:17)
	at io.ktor.server.netty.NettyApplicationCallHandler$handleRequest$1.invokeSuspend(NettyApplicationCallHandler.kt:140)
	at io.ktor.server.netty.NettyApplicationCallHandler$handleRequest$1.invoke(NettyApplicationCallHandler.kt)
	at io.ktor.server.netty.NettyApplicationCallHandler$handleRequest$1.invoke(NettyApplicationCallHandler.kt)
	at kotlinx.coroutines.intrinsics.UndispatchedKt.startCoroutineUndispatched(Undispatched.kt:20)
	at kotlinx.coroutines.CoroutineStart.invoke(CoroutineStart.kt:360)
	at kotlinx.coroutines.AbstractCoroutine.start(AbstractCoroutine.kt:124)
	at kotlinx.coroutines.BuildersKt__Builders_commonKt.launch(Builders.common.kt:52)
	at kotlinx.coroutines.BuildersKt.launch(Unknown Source)
	at io.ktor.server.netty.NettyApplicationCallHandler.handleRequest(NettyApplicationCallHandler.kt:41)
	at io.ktor.server.netty.NettyApplicationCallHandler.channelRead(NettyApplicationCallHandler.kt:33)
	at io.netty.channel.AbstractChannelHandlerContext.invokeChannelRead(AbstractChannelHandlerContext.java:444)
	at io.netty.channel.AbstractChannelHandlerContext.access$600(AbstractChannelHandlerContext.java:61)
	at io.netty.channel.AbstractChannelHandlerContext$7.run(AbstractChannelHandlerContext.java:425)
	at io.netty.util.concurrent.AbstractEventExecutor.runTask(AbstractEventExecutor.java:173)
	at io.netty.util.concurrent.AbstractEventExecutor.safeExecute(AbstractEventExecutor.java:166)
	at io.netty.util.concurrent.SingleThreadEventExecutor.runAllTasks(SingleThreadEventExecutor.java:469)
	at io.netty.channel.nio.NioEventLoop.run(NioEventLoop.java:569)
	at io.netty.util.concurrent.SingleThreadEventExecutor$4.run(SingleThreadEventExecutor.java:994)
	at io.netty.util.internal.ThreadExecutorMap$2.run(ThreadExecutorMap.java:74)
	at io.ktor.server.netty.EventLoopGroupProxy$Companion.create$lambda$1$lambda$0(NettyApplicationEngine.kt:296)
	at io.netty.util.concurrent.FastThreadLocalRunnable.run(FastThreadLocalRunnable.java:30)
	at java.base/java.lang.Thread.run(Thread.java:840)
[2024-10-07 00:30:13,203]-[eventLoopGroupProxy-4-5] ERROR io.kvision.remote.KVServiceManager - Serializer for subclass 'Empty' is not found in the polymorphic scope of 'SelectedSlotResponse'.
Check if class with serial name 'Empty' exists and serializer is registered in a corresponding SerializersModule.
To be registered automatically, class 'Empty' has to be '@Serializable', and the base class 'SelectedSlotResponse' has to be sealed and '@Serializable'.
kotlinx.serialization.SerializationException: Serializer for subclass 'Empty' is not found in the polymorphic scope of 'SelectedSlotResponse'.
Check if class with serial name 'Empty' exists and serializer is registered in a corresponding SerializersModule.
To be registered automatically, class 'Empty' has to be '@Serializable', and the base class 'SelectedSlotResponse' has to be sealed and '@Serializable'.
	at kotlinx.serialization.internal.AbstractPolymorphicSerializerKt.throwSubtypeNotRegistered(AbstractPolymorphicSerializer.kt:102)
	at kotlinx.serialization.internal.AbstractPolymorphicSerializerKt.throwSubtypeNotRegistered(AbstractPolymorphicSerializer.kt:114)
	at kotlinx.serialization.PolymorphicSerializerKt.findPolymorphicSerializer(PolymorphicSerializer.kt:109)
	at kotlinx.serialization.json.internal.StreamingJsonEncoder.encodeSerializableValue(StreamingJsonEncoder.kt:250)
	at kotlinx.serialization.json.internal.JsonStreamsKt.encodeByWriter(JsonStreams.kt:99)
	at kotlinx.serialization.json.Json.encodeToString(Json.kt:125)
	at io.kvision.remote.KotlinxObjectDeSerializer.serializeNonNullToString(KotlinxObjectDeSerializer.kt:44)
	at io.kvision.remote.ObjectDeSerializer$DefaultImpls.serializeNullableToString(ObjectDeSerializer.kt:36)
	at io.kvision.remote.KotlinxObjectDeSerializer.serializeNullableToString(KotlinxObjectDeSerializer.kt:32)
	at io.kvision.remote.KVServiceManager$createRequestHandler$1.invokeSuspend(KVServiceManager.kt:89)
	at io.kvision.remote.KVServiceManager$createRequestHandler$1.invoke(KVServiceManager.kt)
	at io.kvision.remote.KVServiceManager$createRequestHandler$1.invoke(KVServiceManager.kt)
	at io.ktor.server.routing.Route$buildPipeline$1$1.invokeSuspend(Route.kt:116)
	at io.ktor.server.routing.Route$buildPipeline$1$1.invoke(Route.kt)
	at io.ktor.server.routing.Route$buildPipeline$1$1.invoke(Route.kt)
	at io.ktor.util.pipeline.DebugPipelineContext.proceedLoop(DebugPipelineContext.kt:80)
	at io.ktor.util.pipeline.DebugPipelineContext.proceed(DebugPipelineContext.kt:57)
	at io.ktor.util.pipeline.DebugPipelineContext.execute$ktor_utils(DebugPipelineContext.kt:63)
	at io.ktor.util.pipeline.Pipeline.execute(Pipeline.kt:77)
	at io.ktor.server.routing.Routing$executeResult$$inlined$execute$1.invokeSuspend(Pipeline.kt:478)
	at io.ktor.server.routing.Routing$executeResult$$inlined$execute$1.invoke(Pipeline.kt)
	at io.ktor.server.routing.Routing$executeResult$$inlined$execute$1.invoke(Pipeline.kt)
	at io.ktor.util.debug.ContextUtilsKt.initContextInDebugMode(ContextUtils.kt:17)
	at io.ktor.server.routing.Routing.executeResult(Routing.kt:190)
	at io.ktor.server.routing.Routing.interceptor(Routing.kt:64)
	at io.ktor.server.routing.Routing$Plugin$install$1.invokeSuspend(Routing.kt:140)
	at io.ktor.server.routing.Routing$Plugin$install$1.invoke(Routing.kt)
	at io.ktor.server.routing.Routing$Plugin$install$1.invoke(Routing.kt)
	at io.ktor.util.pipeline.DebugPipelineContext.proceedLoop(DebugPipelineContext.kt:80)
	at io.ktor.util.pipeline.DebugPipelineContext.proceed(DebugPipelineContext.kt:57)
	at io.ktor.server.engine.BaseApplicationEngineKt$installDefaultTransformationChecker$1.invokeSuspend(BaseApplicationEngine.kt:124)
	at io.ktor.server.engine.BaseApplicationEngineKt$installDefaultTransformationChecker$1.invoke(BaseApplicationEngine.kt)
	at io.ktor.server.engine.BaseApplicationEngineKt$installDefaultTransformationChecker$1.invoke(BaseApplicationEngine.kt)
	at io.ktor.util.pipeline.DebugPipelineContext.proceedLoop(DebugPipelineContext.kt:80)
	at io.ktor.util.pipeline.DebugPipelineContext.proceed(DebugPipelineContext.kt:57)
	at io.ktor.util.pipeline.DebugPipelineContext.execute$ktor_utils(DebugPipelineContext.kt:63)
	at io.ktor.util.pipeline.Pipeline.execute(Pipeline.kt:77)
	at io.ktor.server.engine.DefaultEnginePipelineKt$defaultEnginePipeline$1$invokeSuspend$$inlined$execute$1.invokeSuspend(Pipeline.kt:478)
	at io.ktor.server.engine.DefaultEnginePipelineKt$defaultEnginePipeline$1$invokeSuspend$$inlined$execute$1.invoke(Pipeline.kt)
	at io.ktor.server.engine.DefaultEnginePipelineKt$defaultEnginePipeline$1$invokeSuspend$$inlined$execute$1.invoke(Pipeline.kt)
	at io.ktor.util.debug.ContextUtilsKt.initContextInDebugMode(ContextUtils.kt:17)
	at io.ktor.server.engine.DefaultEnginePipelineKt$defaultEnginePipeline$1.invokeSuspend(DefaultEnginePipeline.kt:123)
	at io.ktor.server.engine.DefaultEnginePipelineKt$defaultEnginePipeline$1.invoke(DefaultEnginePipeline.kt)
	at io.ktor.server.engine.DefaultEnginePipelineKt$defaultEnginePipeline$1.invoke(DefaultEnginePipeline.kt)
	at io.ktor.util.pipeline.DebugPipelineContext.proceedLoop(DebugPipelineContext.kt:80)
	at io.ktor.util.pipeline.DebugPipelineContext.proceed(DebugPipelineContext.kt:57)
	at io.ktor.util.pipeline.DebugPipelineContext.execute$ktor_utils(DebugPipelineContext.kt:63)
	at io.ktor.util.pipeline.Pipeline.execute(Pipeline.kt:77)
	at io.ktor.server.netty.NettyApplicationCallHandler$handleRequest$1$invokeSuspend$$inlined$execute$1.invokeSuspend(Pipeline.kt:478)
	at io.ktor.server.netty.NettyApplicationCallHandler$handleRequest$1$invokeSuspend$$inlined$execute$1.invoke(Pipeline.kt)
	at io.ktor.server.netty.NettyApplicationCallHandler$handleRequest$1$invokeSuspend$$inlined$execute$1.invoke(Pipeline.kt)
	at io.ktor.util.debug.ContextUtilsKt.initContextInDebugMode(ContextUtils.kt:17)
	at io.ktor.server.netty.NettyApplicationCallHandler$handleRequest$1.invokeSuspend(NettyApplicationCallHandler.kt:140)
	at io.ktor.server.netty.NettyApplicationCallHandler$handleRequest$1.invoke(NettyApplicationCallHandler.kt)
	at io.ktor.server.netty.NettyApplicationCallHandler$handleRequest$1.invoke(NettyApplicationCallHandler.kt)
	at kotlinx.coroutines.intrinsics.UndispatchedKt.startCoroutineUndispatched(Undispatched.kt:20)
	at kotlinx.coroutines.CoroutineStart.invoke(CoroutineStart.kt:360)
	at kotlinx.coroutines.AbstractCoroutine.start(AbstractCoroutine.kt:124)
	at kotlinx.coroutines.BuildersKt__Builders_commonKt.launch(Builders.common.kt:52)
	at kotlinx.coroutines.BuildersKt.launch(Unknown Source)
	at io.ktor.server.netty.NettyApplicationCallHandler.handleRequest(NettyApplicationCallHandler.kt:41)
	at io.ktor.server.netty.NettyApplicationCallHandler.channelRead(NettyApplicationCallHandler.kt:33)
	at io.netty.channel.AbstractChannelHandlerContext.invokeChannelRead(AbstractChannelHandlerContext.java:444)
	at io.netty.channel.AbstractChannelHandlerContext.access$600(AbstractChannelHandlerContext.java:61)
	at io.netty.channel.AbstractChannelHandlerContext$7.run(AbstractChannelHandlerContext.java:425)
	at io.netty.util.concurrent.AbstractEventExecutor.runTask(AbstractEventExecutor.java:173)
	at io.netty.util.concurrent.AbstractEventExecutor.safeExecute(AbstractEventExecutor.java:166)
	at io.netty.util.concurrent.SingleThreadEventExecutor.runAllTasks(SingleThreadEventExecutor.java:469)
	at io.netty.channel.nio.NioEventLoop.run(NioEventLoop.java:569)
	at io.netty.util.concurrent.SingleThreadEventExecutor$4.run(SingleThreadEventExecutor.java:994)
	at io.netty.util.internal.ThreadExecutorMap$2.run(ThreadExecutorMap.java:74)
	at io.ktor.server.netty.EventLoopGroupProxy$Companion.create$lambda$1$lambda$0(NettyApplicationEngine.kt:296)
	at io.netty.util.concurrent.FastThreadLocalRunnable.run(FastThreadLocalRunnable.java:30)
	at java.base/java.lang.Thread.run(Thread.java:840)
[2024-10-07 00:30:35,535]-[eventLoopGroupProxy-4-8] ERROR io.kvision.remote.KVServiceManager - Serializer for subclass 'Empty' is not found in the polymorphic scope of 'SelectedSlotResponse'.
Check if class with serial name 'Empty' exists and serializer is registered in a corresponding SerializersModule.
To be registered automatically, class 'Empty' has to be '@Serializable', and the base class 'SelectedSlotResponse' has to be sealed and '@Serializable'.
kotlinx.serialization.SerializationException: Serializer for subclass 'Empty' is not found in the polymorphic scope of 'SelectedSlotResponse'.
Check if class with serial name 'Empty' exists and serializer is registered in a corresponding SerializersModule.
To be registered automatically, class 'Empty' has to be '@Serializable', and the base class 'SelectedSlotResponse' has to be sealed and '@Serializable'.
	at kotlinx.serialization.internal.AbstractPolymorphicSerializerKt.throwSubtypeNotRegistered(AbstractPolymorphicSerializer.kt:102)
	at kotlinx.serialization.internal.AbstractPolymorphicSerializerKt.throwSubtypeNotRegistered(AbstractPolymorphicSerializer.kt:114)
	at kotlinx.serialization.PolymorphicSerializerKt.findPolymorphicSerializer(PolymorphicSerializer.kt:109)
	at kotlinx.serialization.json.internal.StreamingJsonEncoder.encodeSerializableValue(StreamingJsonEncoder.kt:250)
	at kotlinx.serialization.json.internal.JsonStreamsKt.encodeByWriter(JsonStreams.kt:99)
	at kotlinx.serialization.json.Json.encodeToString(Json.kt:125)
	at io.kvision.remote.KotlinxObjectDeSerializer.serializeNonNullToString(KotlinxObjectDeSerializer.kt:44)
	at io.kvision.remote.ObjectDeSerializer$DefaultImpls.serializeNullableToString(ObjectDeSerializer.kt:36)
	at io.kvision.remote.KotlinxObjectDeSerializer.serializeNullableToString(KotlinxObjectDeSerializer.kt:32)
	at io.kvision.remote.KVServiceManager$createRequestHandler$1.invokeSuspend(KVServiceManager.kt:89)
	at io.kvision.remote.KVServiceManager$createRequestHandler$1.invoke(KVServiceManager.kt)
	at io.kvision.remote.KVServiceManager$createRequestHandler$1.invoke(KVServiceManager.kt)
	at io.ktor.server.routing.Route$buildPipeline$1$1.invokeSuspend(Route.kt:116)
	at io.ktor.server.routing.Route$buildPipeline$1$1.invoke(Route.kt)
	at io.ktor.server.routing.Route$buildPipeline$1$1.invoke(Route.kt)
	at io.ktor.util.pipeline.DebugPipelineContext.proceedLoop(DebugPipelineContext.kt:80)
	at io.ktor.util.pipeline.DebugPipelineContext.proceed(DebugPipelineContext.kt:57)
	at io.ktor.util.pipeline.DebugPipelineContext.execute$ktor_utils(DebugPipelineContext.kt:63)
	at io.ktor.util.pipeline.Pipeline.execute(Pipeline.kt:77)
	at io.ktor.server.routing.Routing$executeResult$$inlined$execute$1.invokeSuspend(Pipeline.kt:478)
	at io.ktor.server.routing.Routing$executeResult$$inlined$execute$1.invoke(Pipeline.kt)
	at io.ktor.server.routing.Routing$executeResult$$inlined$execute$1.invoke(Pipeline.kt)
	at io.ktor.util.debug.ContextUtilsKt.initContextInDebugMode(ContextUtils.kt:17)
	at io.ktor.server.routing.Routing.executeResult(Routing.kt:190)
	at io.ktor.server.routing.Routing.interceptor(Routing.kt:64)
	at io.ktor.server.routing.Routing$Plugin$install$1.invokeSuspend(Routing.kt:140)
	at io.ktor.server.routing.Routing$Plugin$install$1.invoke(Routing.kt)
	at io.ktor.server.routing.Routing$Plugin$install$1.invoke(Routing.kt)
	at io.ktor.util.pipeline.DebugPipelineContext.proceedLoop(DebugPipelineContext.kt:80)
	at io.ktor.util.pipeline.DebugPipelineContext.proceed(DebugPipelineContext.kt:57)
	at io.ktor.server.engine.BaseApplicationEngineKt$installDefaultTransformationChecker$1.invokeSuspend(BaseApplicationEngine.kt:124)
	at io.ktor.server.engine.BaseApplicationEngineKt$installDefaultTransformationChecker$1.invoke(BaseApplicationEngine.kt)
	at io.ktor.server.engine.BaseApplicationEngineKt$installDefaultTransformationChecker$1.invoke(BaseApplicationEngine.kt)
	at io.ktor.util.pipeline.DebugPipelineContext.proceedLoop(DebugPipelineContext.kt:80)
	at io.ktor.util.pipeline.DebugPipelineContext.proceed(DebugPipelineContext.kt:57)
	at io.ktor.util.pipeline.DebugPipelineContext.execute$ktor_utils(DebugPipelineContext.kt:63)
	at io.ktor.util.pipeline.Pipeline.execute(Pipeline.kt:77)
	at io.ktor.server.engine.DefaultEnginePipelineKt$defaultEnginePipeline$1$invokeSuspend$$inlined$execute$1.invokeSuspend(Pipeline.kt:478)
	at io.ktor.server.engine.DefaultEnginePipelineKt$defaultEnginePipeline$1$invokeSuspend$$inlined$execute$1.invoke(Pipeline.kt)
	at io.ktor.server.engine.DefaultEnginePipelineKt$defaultEnginePipeline$1$invokeSuspend$$inlined$execute$1.invoke(Pipeline.kt)
	at io.ktor.util.debug.ContextUtilsKt.initContextInDebugMode(ContextUtils.kt:17)
	at io.ktor.server.engine.DefaultEnginePipelineKt$defaultEnginePipeline$1.invokeSuspend(DefaultEnginePipeline.kt:123)
	at io.ktor.server.engine.DefaultEnginePipelineKt$defaultEnginePipeline$1.invoke(DefaultEnginePipeline.kt)
	at io.ktor.server.engine.DefaultEnginePipelineKt$defaultEnginePipeline$1.invoke(DefaultEnginePipeline.kt)
	at io.ktor.util.pipeline.DebugPipelineContext.proceedLoop(DebugPipelineContext.kt:80)
	at io.ktor.util.pipeline.DebugPipelineContext.proceed(DebugPipelineContext.kt:57)
	at io.ktor.util.pipeline.DebugPipelineContext.execute$ktor_utils(DebugPipelineContext.kt:63)
	at io.ktor.util.pipeline.Pipeline.execute(Pipeline.kt:77)
	at io.ktor.server.netty.NettyApplicationCallHandler$handleRequest$1$invokeSuspend$$inlined$execute$1.invokeSuspend(Pipeline.kt:478)
	at io.ktor.server.netty.NettyApplicationCallHandler$handleRequest$1$invokeSuspend$$inlined$execute$1.invoke(Pipeline.kt)
	at io.ktor.server.netty.NettyApplicationCallHandler$handleRequest$1$invokeSuspend$$inlined$execute$1.invoke(Pipeline.kt)
	at io.ktor.util.debug.ContextUtilsKt.initContextInDebugMode(ContextUtils.kt:17)
	at io.ktor.server.netty.NettyApplicationCallHandler$handleRequest$1.invokeSuspend(NettyApplicationCallHandler.kt:140)
	at io.ktor.server.netty.NettyApplicationCallHandler$handleRequest$1.invoke(NettyApplicationCallHandler.kt)
	at io.ktor.server.netty.NettyApplicationCallHandler$handleRequest$1.invoke(NettyApplicationCallHandler.kt)
	at kotlinx.coroutines.intrinsics.UndispatchedKt.startCoroutineUndispatched(Undispatched.kt:20)
	at kotlinx.coroutines.CoroutineStart.invoke(CoroutineStart.kt:360)
	at kotlinx.coroutines.AbstractCoroutine.start(AbstractCoroutine.kt:124)
	at kotlinx.coroutines.BuildersKt__Builders_commonKt.launch(Builders.common.kt:52)
	at kotlinx.coroutines.BuildersKt.launch(Unknown Source)
	at io.ktor.server.netty.NettyApplicationCallHandler.handleRequest(NettyApplicationCallHandler.kt:41)
	at io.ktor.server.netty.NettyApplicationCallHandler.channelRead(NettyApplicationCallHandler.kt:33)
	at io.netty.channel.AbstractChannelHandlerContext.invokeChannelRead(AbstractChannelHandlerContext.java:444)
	at io.netty.channel.AbstractChannelHandlerContext.access$600(AbstractChannelHandlerContext.java:61)
	at io.netty.channel.AbstractChannelHandlerContext$7.run(AbstractChannelHandlerContext.java:425)
	at io.netty.util.concurrent.AbstractEventExecutor.runTask(AbstractEventExecutor.java:173)
	at io.netty.util.concurrent.AbstractEventExecutor.safeExecute(AbstractEventExecutor.java:166)
	at io.netty.util.concurrent.SingleThreadEventExecutor.runAllTasks(SingleThreadEventExecutor.java:469)
	at io.netty.channel.nio.NioEventLoop.run(NioEventLoop.java:569)
	at io.netty.util.concurrent.SingleThreadEventExecutor$4.run(SingleThreadEventExecutor.java:994)
	at io.netty.util.internal.ThreadExecutorMap$2.run(ThreadExecutorMap.java:74)
	at io.ktor.server.netty.EventLoopGroupProxy$Companion.create$lambda$1$lambda$0(NettyApplicationEngine.kt:296)
	at io.netty.util.concurrent.FastThreadLocalRunnable.run(FastThreadLocalRunnable.java:30)
	at java.base/java.lang.Thread.run(Thread.java:840)
[2024-10-07 00:33:54,055]-[eventLoopGroupProxy-4-11] ERROR io.kvision.remote.KVServiceManager - Serializer for subclass 'Empty' is not found in the polymorphic scope of 'SelectedSlotResponse'.
Check if class with serial name 'Empty' exists and serializer is registered in a corresponding SerializersModule.
To be registered automatically, class 'Empty' has to be '@Serializable', and the base class 'SelectedSlotResponse' has to be sealed and '@Serializable'.
kotlinx.serialization.SerializationException: Serializer for subclass 'Empty' is not found in the polymorphic scope of 'SelectedSlotResponse'.
Check if class with serial name 'Empty' exists and serializer is registered in a corresponding SerializersModule.
To be registered automatically, class 'Empty' has to be '@Serializable', and the base class 'SelectedSlotResponse' has to be sealed and '@Serializable'.
	at kotlinx.serialization.internal.AbstractPolymorphicSerializerKt.throwSubtypeNotRegistered(AbstractPolymorphicSerializer.kt:102)
	at kotlinx.serialization.internal.AbstractPolymorphicSerializerKt.throwSubtypeNotRegistered(AbstractPolymorphicSerializer.kt:114)
	at kotlinx.serialization.PolymorphicSerializerKt.findPolymorphicSerializer(PolymorphicSerializer.kt:109)
	at kotlinx.serialization.json.internal.StreamingJsonEncoder.encodeSerializableValue(StreamingJsonEncoder.kt:250)
	at kotlinx.serialization.json.internal.JsonStreamsKt.encodeByWriter(JsonStreams.kt:99)
	at kotlinx.serialization.json.Json.encodeToString(Json.kt:125)
	at io.kvision.remote.KotlinxObjectDeSerializer.serializeNonNullToString(KotlinxObjectDeSerializer.kt:44)
	at io.kvision.remote.ObjectDeSerializer$DefaultImpls.serializeNullableToString(ObjectDeSerializer.kt:36)
	at io.kvision.remote.KotlinxObjectDeSerializer.serializeNullableToString(KotlinxObjectDeSerializer.kt:32)
	at io.kvision.remote.KVServiceManager$createRequestHandler$1.invokeSuspend(KVServiceManager.kt:89)
	at io.kvision.remote.KVServiceManager$createRequestHandler$1.invoke(KVServiceManager.kt)
	at io.kvision.remote.KVServiceManager$createRequestHandler$1.invoke(KVServiceManager.kt)
	at io.ktor.server.routing.Route$buildPipeline$1$1.invokeSuspend(Route.kt:116)
	at io.ktor.server.routing.Route$buildPipeline$1$1.invoke(Route.kt)
	at io.ktor.server.routing.Route$buildPipeline$1$1.invoke(Route.kt)
	at io.ktor.util.pipeline.DebugPipelineContext.proceedLoop(DebugPipelineContext.kt:80)
	at io.ktor.util.pipeline.DebugPipelineContext.proceed(DebugPipelineContext.kt:57)
	at io.ktor.util.pipeline.DebugPipelineContext.execute$ktor_utils(DebugPipelineContext.kt:63)
	at io.ktor.util.pipeline.Pipeline.execute(Pipeline.kt:77)
	at io.ktor.server.routing.Routing$executeResult$$inlined$execute$1.invokeSuspend(Pipeline.kt:478)
	at io.ktor.server.routing.Routing$executeResult$$inlined$execute$1.invoke(Pipeline.kt)
	at io.ktor.server.routing.Routing$executeResult$$inlined$execute$1.invoke(Pipeline.kt)
	at io.ktor.util.debug.ContextUtilsKt.initContextInDebugMode(ContextUtils.kt:17)
	at io.ktor.server.routing.Routing.executeResult(Routing.kt:190)
	at io.ktor.server.routing.Routing.interceptor(Routing.kt:64)
	at io.ktor.server.routing.Routing$Plugin$install$1.invokeSuspend(Routing.kt:140)
	at io.ktor.server.routing.Routing$Plugin$install$1.invoke(Routing.kt)
	at io.ktor.server.routing.Routing$Plugin$install$1.invoke(Routing.kt)
	at io.ktor.util.pipeline.DebugPipelineContext.proceedLoop(DebugPipelineContext.kt:80)
	at io.ktor.util.pipeline.DebugPipelineContext.proceed(DebugPipelineContext.kt:57)
	at io.ktor.server.engine.BaseApplicationEngineKt$installDefaultTransformationChecker$1.invokeSuspend(BaseApplicationEngine.kt:124)
	at io.ktor.server.engine.BaseApplicationEngineKt$installDefaultTransformationChecker$1.invoke(BaseApplicationEngine.kt)
	at io.ktor.server.engine.BaseApplicationEngineKt$installDefaultTransformationChecker$1.invoke(BaseApplicationEngine.kt)
	at io.ktor.util.pipeline.DebugPipelineContext.proceedLoop(DebugPipelineContext.kt:80)
	at io.ktor.util.pipeline.DebugPipelineContext.proceed(DebugPipelineContext.kt:57)
	at io.ktor.util.pipeline.DebugPipelineContext.execute$ktor_utils(DebugPipelineContext.kt:63)
	at io.ktor.util.pipeline.Pipeline.execute(Pipeline.kt:77)
	at io.ktor.server.engine.DefaultEnginePipelineKt$defaultEnginePipeline$1$invokeSuspend$$inlined$execute$1.invokeSuspend(Pipeline.kt:478)
	at io.ktor.server.engine.DefaultEnginePipelineKt$defaultEnginePipeline$1$invokeSuspend$$inlined$execute$1.invoke(Pipeline.kt)
	at io.ktor.server.engine.DefaultEnginePipelineKt$defaultEnginePipeline$1$invokeSuspend$$inlined$execute$1.invoke(Pipeline.kt)
	at io.ktor.util.debug.ContextUtilsKt.initContextInDebugMode(ContextUtils.kt:17)
	at io.ktor.server.engine.DefaultEnginePipelineKt$defaultEnginePipeline$1.invokeSuspend(DefaultEnginePipeline.kt:123)
	at io.ktor.server.engine.DefaultEnginePipelineKt$defaultEnginePipeline$1.invoke(DefaultEnginePipeline.kt)
	at io.ktor.server.engine.DefaultEnginePipelineKt$defaultEnginePipeline$1.invoke(DefaultEnginePipeline.kt)
	at io.ktor.util.pipeline.DebugPipelineContext.proceedLoop(DebugPipelineContext.kt:80)
	at io.ktor.util.pipeline.DebugPipelineContext.proceed(DebugPipelineContext.kt:57)
	at io.ktor.util.pipeline.DebugPipelineContext.execute$ktor_utils(DebugPipelineContext.kt:63)
	at io.ktor.util.pipeline.Pipeline.execute(Pipeline.kt:77)
	at io.ktor.server.netty.NettyApplicationCallHandler$handleRequest$1$invokeSuspend$$inlined$execute$1.invokeSuspend(Pipeline.kt:478)
	at io.ktor.server.netty.NettyApplicationCallHandler$handleRequest$1$invokeSuspend$$inlined$execute$1.invoke(Pipeline.kt)
	at io.ktor.server.netty.NettyApplicationCallHandler$handleRequest$1$invokeSuspend$$inlined$execute$1.invoke(Pipeline.kt)
	at io.ktor.util.debug.ContextUtilsKt.initContextInDebugMode(ContextUtils.kt:17)
	at io.ktor.server.netty.NettyApplicationCallHandler$handleRequest$1.invokeSuspend(NettyApplicationCallHandler.kt:140)
	at io.ktor.server.netty.NettyApplicationCallHandler$handleRequest$1.invoke(NettyApplicationCallHandler.kt)
	at io.ktor.server.netty.NettyApplicationCallHandler$handleRequest$1.invoke(NettyApplicationCallHandler.kt)
	at kotlinx.coroutines.intrinsics.UndispatchedKt.startCoroutineUndispatched(Undispatched.kt:20)
	at kotlinx.coroutines.CoroutineStart.invoke(CoroutineStart.kt:360)
	at kotlinx.coroutines.AbstractCoroutine.start(AbstractCoroutine.kt:124)
	at kotlinx.coroutines.BuildersKt__Builders_commonKt.launch(Builders.common.kt:52)
	at kotlinx.coroutines.BuildersKt.launch(Unknown Source)
	at io.ktor.server.netty.NettyApplicationCallHandler.handleRequest(NettyApplicationCallHandler.kt:41)
	at io.ktor.server.netty.NettyApplicationCallHandler.channelRead(NettyApplicationCallHandler.kt:33)
	at io.netty.channel.AbstractChannelHandlerContext.invokeChannelRead(AbstractChannelHandlerContext.java:444)
	at io.netty.channel.AbstractChannelHandlerContext.access$600(AbstractChannelHandlerContext.java:61)
	at io.netty.channel.AbstractChannelHandlerContext$7.run(AbstractChannelHandlerContext.java:425)
	at io.netty.util.concurrent.AbstractEventExecutor.runTask(AbstractEventExecutor.java:173)
	at io.netty.util.concurrent.AbstractEventExecutor.safeExecute(AbstractEventExecutor.java:166)
	at io.netty.util.concurrent.SingleThreadEventExecutor.runAllTasks(SingleThreadEventExecutor.java:469)
	at io.netty.channel.nio.NioEventLoop.run(NioEventLoop.java:569)
	at io.netty.util.concurrent.SingleThreadEventExecutor$4.run(SingleThreadEventExecutor.java:994)
	at io.netty.util.internal.ThreadExecutorMap$2.run(ThreadExecutorMap.java:74)
	at io.ktor.server.netty.EventLoopGroupProxy$Companion.create$lambda$1$lambda$0(NettyApplicationEngine.kt:296)
	at io.netty.util.concurrent.FastThreadLocalRunnable.run(FastThreadLocalRunnable.java:30)
	at java.base/java.lang.Thread.run(Thread.java:840)
[2024-10-07 00:36:37,725]-[main] INFO  [Koin] - Started 5 definitions in 1.441125 ms
[2024-10-07 00:36:37,727]-[main] INFO  Application - Application started in 0.187 seconds.
[2024-10-07 00:36:37,787]-[main] INFO  Application - Responding at http://0.0.0.0:8080
[2024-10-07 00:39:36,571]-[main] INFO  [Koin] - Started 5 definitions in 1.332958 ms
[2024-10-07 00:39:36,573]-[main] INFO  Application - Application started in 0.182 seconds.
[2024-10-07 00:39:36,634]-[main] INFO  Application - Responding at http://0.0.0.0:8080
[2024-10-07 00:45:03,609]-[eventLoopGroupProxy-3-9] INFO  Application - Changes in application detected.
[2024-10-07 00:45:03,858]-[eventLoopGroupProxy-3-9] INFO  [Koin] - Started 5 definitions in 0.065375 ms
[2024-10-07 00:45:03,858]-[eventLoopGroupProxy-3-9] INFO  Application - Application auto-reloaded in 0.01 seconds.
[2024-10-07 00:46:26,821]-[eventLoopGroupProxy-3-5] INFO  Application - Changes in application detected.
[2024-10-07 00:46:27,069]-[eventLoopGroupProxy-3-5] INFO  [Koin] - Started 5 definitions in 0.03425 ms
[2024-10-07 00:46:27,069]-[eventLoopGroupProxy-3-5] INFO  Application - Application auto-reloaded in 0.018 seconds.
[2024-10-07 00:53:45,009]-[main] INFO  [Koin] - Started 5 definitions in 1.323666 ms
[2024-10-07 00:53:45,011]-[main] INFO  Application - Application started in 0.179 seconds.
[2024-10-07 00:53:45,070]-[main] INFO  Application - Responding at http://0.0.0.0:8080
[2024-10-07 00:56:41,815]-[main] INFO  [Koin] - Started 5 definitions in 1.823375 ms
[2024-10-07 00:56:41,817]-[main] INFO  Application - Application started in 0.201 seconds.
[2024-10-07 00:56:41,886]-[main] INFO  Application - Responding at http://0.0.0.0:8080
[2024-10-07 01:06:11,738]-[main] INFO  [Koin] - Started 5 definitions in 1.133125 ms
[2024-10-07 01:06:11,740]-[main] INFO  Application - Application started in 0.182 seconds.
[2024-10-07 01:06:11,796]-[main] INFO  Application - Responding at http://0.0.0.0:8080
[2024-10-07 01:12:07,636]-[eventLoopGroupProxy-3-6] INFO  Application - Changes in application detected.
[2024-10-07 01:12:07,877]-[eventLoopGroupProxy-3-6] INFO  [Koin] - Started 5 definitions in 0.059709 ms
[2024-10-07 01:12:07,878]-[eventLoopGroupProxy-3-6] INFO  Application - Application auto-reloaded in 0.011 seconds.
[2024-10-07 01:27:12,668]-[eventLoopGroupProxy-3-2] INFO  Application - Changes in application detected.
[2024-10-07 01:27:12,918]-[eventLoopGroupProxy-3-2] INFO  [Koin] - Started 5 definitions in 0.038125 ms
[2024-10-07 01:27:12,918]-[eventLoopGroupProxy-3-2] INFO  Application - Application auto-reloaded in 0.014 seconds.
